<?xml version="1.0" encoding="UTF-8"?>
<testsuite xmlns:xsi="http://www.w3.org/2001/XMLSchema-instance" xsi:noNamespaceSchemaLocation="https://maven.apache.org/surefire/maven-surefire-plugin/xsd/surefire-test-report-3.0.xsd" version="3.0" name="TestSuite" time="4.538" tests="5" errors="0" skipped="0" failures="0">
  <properties>
    <property name="java.specification.version" value="17"/>
    <property name="sun.cpu.isalist" value="amd64"/>
    <property name="sun.jnu.encoding" value="Cp1252"/>
    <property name="java.class.path" value="D:\TestNGPractice\RestAssuredFramwork\target\test-classes;D:\TestNGPractice\RestAssuredFramwork\target\classes;C:\Users\mohit\.m2\repository\io\rest-assured\rest-assured\5.5.0\rest-assured-5.5.0.jar;C:\Users\mohit\.m2\repository\org\apache\groovy\groovy\4.0.22\groovy-4.0.22.jar;C:\Users\mohit\.m2\repository\org\apache\groovy\groovy-xml\4.0.22\groovy-xml-4.0.22.jar;C:\Users\mohit\.m2\repository\org\apache\httpcomponents\httpclient\4.5.13\httpclient-4.5.13.jar;C:\Users\mohit\.m2\repository\org\apache\httpcomponents\httpcore\4.4.13\httpcore-4.4.13.jar;C:\Users\mohit\.m2\repository\commons-logging\commons-logging\1.2\commons-logging-1.2.jar;C:\Users\mohit\.m2\repository\commons-codec\commons-codec\1.11\commons-codec-1.11.jar;C:\Users\mohit\.m2\repository\org\apache\httpcomponents\httpmime\4.5.13\httpmime-4.5.13.jar;C:\Users\mohit\.m2\repository\org\hamcrest\hamcrest\2.2\hamcrest-2.2.jar;C:\Users\mohit\.m2\repository\org\ccil\cowan\tagsoup\tagsoup\1.2.1\tagsoup-1.2.1.jar;C:\Users\mohit\.m2\repository\io\rest-assured\json-path\5.5.0\json-path-5.5.0.jar;C:\Users\mohit\.m2\repository\org\apache\groovy\groovy-json\4.0.22\groovy-json-4.0.22.jar;C:\Users\mohit\.m2\repository\io\rest-assured\rest-assured-common\5.5.0\rest-assured-common-5.5.0.jar;C:\Users\mohit\.m2\repository\io\rest-assured\xml-path\5.5.0\xml-path-5.5.0.jar;C:\Users\mohit\.m2\repository\org\testng\testng\7.9.0\testng-7.9.0.jar;C:\Users\mohit\.m2\repository\org\slf4j\slf4j-api\1.7.36\slf4j-api-1.7.36.jar;C:\Users\mohit\.m2\repository\com\beust\jcommander\1.82\jcommander-1.82.jar;C:\Users\mohit\.m2\repository\org\webjars\jquery\3.7.1\jquery-3.7.1.jar;C:\Users\mohit\.m2\repository\com\fasterxml\jackson\core\jackson-databind\2.18.3\jackson-databind-2.18.3.jar;C:\Users\mohit\.m2\repository\com\fasterxml\jackson\core\jackson-annotations\2.18.3\jackson-annotations-2.18.3.jar;C:\Users\mohit\.m2\repository\com\fasterxml\jackson\core\jackson-core\2.18.3\jackson-core-2.18.3.jar;C:\Users\mohit\.m2\repository\org\skyscreamer\jsonassert\1.5.3\jsonassert-1.5.3.jar;C:\Users\mohit\.m2\repository\com\vaadin\external\google\android-json\0.0.20131108.vaadin1\android-json-0.0.20131108.vaadin1.jar;C:\Users\mohit\.m2\repository\org\projectlombok\lombok\1.18.38\lombok-1.18.38.jar;C:\Users\mohit\.m2\repository\io\qameta\allure\allure-testng\2.29.1\allure-testng-2.29.1.jar;C:\Users\mohit\.m2\repository\io\qameta\allure\allure-java-commons\2.29.1\allure-java-commons-2.29.1.jar;C:\Users\mohit\.m2\repository\io\qameta\allure\allure-model\2.29.1\allure-model-2.29.1.jar;C:\Users\mohit\.m2\repository\io\qameta\allure\allure-test-filter\2.29.1\allure-test-filter-2.29.1.jar;C:\Users\mohit\.m2\repository\com\github\javafaker\javafaker\1.0.2\javafaker-1.0.2.jar;C:\Users\mohit\.m2\repository\org\apache\commons\commons-lang3\3.5\commons-lang3-3.5.jar;C:\Users\mohit\.m2\repository\org\yaml\snakeyaml\1.23\snakeyaml-1.23-android.jar;C:\Users\mohit\.m2\repository\com\github\mifmif\generex\1.0.2\generex-1.0.2.jar;C:\Users\mohit\.m2\repository\dk\brics\automaton\automaton\1.11-8\automaton-1.11-8.jar;"/>
    <property name="java.vm.vendor" value="Oracle Corporation"/>
    <property name="sun.arch.data.model" value="64"/>
    <property name="user.variant" value=""/>
    <property name="java.vendor.url" value="https://java.oracle.com/"/>
    <property name="user.timezone" value="Asia/Calcutta"/>
    <property name="os.name" value="Windows 11"/>
    <property name="java.vm.specification.version" value="17"/>
    <property name="sun.java.launcher" value="SUN_STANDARD"/>
    <property name="user.country" value="IN"/>
    <property name="sun.boot.library.path" value="C:\Program Files\Java\jdk-17\bin"/>
    <property name="sun.java.command" value="C:\Users\mohit\AppData\Local\Temp\surefire7146137113331619586\surefirebooter-20250730065713988_3.jar C:\Users\mohit\AppData\Local\Temp\surefire7146137113331619586 2025-07-30T06-57-13_842-jvmRun1 surefire-20250730065713988_1tmp surefire_0-20250730065713988_2tmp"/>
    <property name="jdk.debug" value="release"/>
    <property name="surefire.test.class.path" value="D:\TestNGPractice\RestAssuredFramwork\target\test-classes;D:\TestNGPractice\RestAssuredFramwork\target\classes;C:\Users\mohit\.m2\repository\io\rest-assured\rest-assured\5.5.0\rest-assured-5.5.0.jar;C:\Users\mohit\.m2\repository\org\apache\groovy\groovy\4.0.22\groovy-4.0.22.jar;C:\Users\mohit\.m2\repository\org\apache\groovy\groovy-xml\4.0.22\groovy-xml-4.0.22.jar;C:\Users\mohit\.m2\repository\org\apache\httpcomponents\httpclient\4.5.13\httpclient-4.5.13.jar;C:\Users\mohit\.m2\repository\org\apache\httpcomponents\httpcore\4.4.13\httpcore-4.4.13.jar;C:\Users\mohit\.m2\repository\commons-logging\commons-logging\1.2\commons-logging-1.2.jar;C:\Users\mohit\.m2\repository\commons-codec\commons-codec\1.11\commons-codec-1.11.jar;C:\Users\mohit\.m2\repository\org\apache\httpcomponents\httpmime\4.5.13\httpmime-4.5.13.jar;C:\Users\mohit\.m2\repository\org\hamcrest\hamcrest\2.2\hamcrest-2.2.jar;C:\Users\mohit\.m2\repository\org\ccil\cowan\tagsoup\tagsoup\1.2.1\tagsoup-1.2.1.jar;C:\Users\mohit\.m2\repository\io\rest-assured\json-path\5.5.0\json-path-5.5.0.jar;C:\Users\mohit\.m2\repository\org\apache\groovy\groovy-json\4.0.22\groovy-json-4.0.22.jar;C:\Users\mohit\.m2\repository\io\rest-assured\rest-assured-common\5.5.0\rest-assured-common-5.5.0.jar;C:\Users\mohit\.m2\repository\io\rest-assured\xml-path\5.5.0\xml-path-5.5.0.jar;C:\Users\mohit\.m2\repository\org\testng\testng\7.9.0\testng-7.9.0.jar;C:\Users\mohit\.m2\repository\org\slf4j\slf4j-api\1.7.36\slf4j-api-1.7.36.jar;C:\Users\mohit\.m2\repository\com\beust\jcommander\1.82\jcommander-1.82.jar;C:\Users\mohit\.m2\repository\org\webjars\jquery\3.7.1\jquery-3.7.1.jar;C:\Users\mohit\.m2\repository\com\fasterxml\jackson\core\jackson-databind\2.18.3\jackson-databind-2.18.3.jar;C:\Users\mohit\.m2\repository\com\fasterxml\jackson\core\jackson-annotations\2.18.3\jackson-annotations-2.18.3.jar;C:\Users\mohit\.m2\repository\com\fasterxml\jackson\core\jackson-core\2.18.3\jackson-core-2.18.3.jar;C:\Users\mohit\.m2\repository\org\skyscreamer\jsonassert\1.5.3\jsonassert-1.5.3.jar;C:\Users\mohit\.m2\repository\com\vaadin\external\google\android-json\0.0.20131108.vaadin1\android-json-0.0.20131108.vaadin1.jar;C:\Users\mohit\.m2\repository\org\projectlombok\lombok\1.18.38\lombok-1.18.38.jar;C:\Users\mohit\.m2\repository\io\qameta\allure\allure-testng\2.29.1\allure-testng-2.29.1.jar;C:\Users\mohit\.m2\repository\io\qameta\allure\allure-java-commons\2.29.1\allure-java-commons-2.29.1.jar;C:\Users\mohit\.m2\repository\io\qameta\allure\allure-model\2.29.1\allure-model-2.29.1.jar;C:\Users\mohit\.m2\repository\io\qameta\allure\allure-test-filter\2.29.1\allure-test-filter-2.29.1.jar;C:\Users\mohit\.m2\repository\com\github\javafaker\javafaker\1.0.2\javafaker-1.0.2.jar;C:\Users\mohit\.m2\repository\org\apache\commons\commons-lang3\3.5\commons-lang3-3.5.jar;C:\Users\mohit\.m2\repository\org\yaml\snakeyaml\1.23\snakeyaml-1.23-android.jar;C:\Users\mohit\.m2\repository\com\github\mifmif\generex\1.0.2\generex-1.0.2.jar;C:\Users\mohit\.m2\repository\dk\brics\automaton\automaton\1.11-8\automaton-1.11-8.jar;"/>
    <property name="sun.cpu.endian" value="little"/>
    <property name="user.home" value="C:\Users\mohit"/>
    <property name="user.language" value="en"/>
    <property name="java.specification.vendor" value="Oracle Corporation"/>
    <property name="java.version.date" value="2023-10-17"/>
    <property name="java.home" value="C:\Program Files\Java\jdk-17"/>
    <property name="file.separator" value="\"/>
    <property name="basedir" value="D:\TestNGPractice\RestAssuredFramwork"/>
    <property name="java.vm.compressedOopsMode" value="Zero based"/>
    <property name="line.separator" value="&#10;"/>
    <property name="java.vm.specification.vendor" value="Oracle Corporation"/>
    <property name="java.specification.name" value="Java Platform API Specification"/>
    <property name="surefire.real.class.path" value="C:\Users\mohit\AppData\Local\Temp\surefire7146137113331619586\surefirebooter-20250730065713988_3.jar"/>
    <property name="user.script" value=""/>
    <property name="sun.management.compiler" value="HotSpot 64-Bit Tiered Compilers"/>
    <property name="java.runtime.version" value="17.0.9+11-LTS-201"/>
    <property name="user.name" value="mohit"/>
    <property name="path.separator" value=";"/>
    <property name="os.version" value="10.0"/>
    <property name="java.runtime.name" value="Java(TM) SE Runtime Environment"/>
    <property name="file.encoding" value="Cp1252"/>
    <property name="java.vm.name" value="Java HotSpot(TM) 64-Bit Server VM"/>
    <property name="localRepository" value="C:\Users\mohit\.m2\repository"/>
    <property name="java.vendor.url.bug" value="https://bugreport.java.com/bugreport/"/>
    <property name="java.io.tmpdir" value="C:\Users\mohit\AppData\Local\Temp\"/>
    <property name="java.version" value="17.0.9"/>
    <property name="user.dir" value="D:\TestNGPractice\RestAssuredFramwork"/>
    <property name="os.arch" value="amd64"/>
    <property name="ACCOUNT_BASE_URI" value="https://accounts.spotify.com"/>
    <property name="java.vm.specification.name" value="Java Virtual Machine Specification"/>
    <property name="sun.os.patch.level" value=""/>
    <property name="native.encoding" value="Cp1252"/>
    <property name="java.library.path" value="C:\Program Files\Java\jdk-17\bin;C:\WINDOWS\Sun\Java\bin;C:\WINDOWS\system32;C:\WINDOWS;C:\Oracle19c\WINDOWS.X64_193000_db_home\bin;C:\Program Files\Common Files\Oracle\Java\javapath;C:\Windows\system32;C:\Windows;C:\Windows\System32\Wbem;C:\Windows\System32\WindowsPowerShell\v1.0\;C:\Windows\System32\OpenSSH\;C:\Program Files\dotnet\;C:\WINDOWS\system32;C:\WINDOWS;C:\WINDOWS\System32\Wbem;C:\WINDOWS\System32\WindowsPowerShell\v1.0\;C:\WINDOWS\System32\OpenSSH\;C:\ProgramData\chocolatey\bin;C:\Program Files\Git\cmd;D:\Software;C:\Android\platform-tools;C:\Users\mohit\AppData\Local\Android\Sdk\platform-tools;C:\Program Files\nodejs\node_modules\npm\bin;C:\Program Files\Java\jdk-17\bin;C:\Program Files\apache-maven-3.9.10\bin;C:\Program Files\nodejs\;C:\Users\mohit\scoop\shims;C:\Users\mohit\AppData\Local\Microsoft\WindowsApps;C:\Program Files\JetBrains\IntelliJ IDEA Community Edition 2022.2\bin;;C:\Users\mohit\AppData\Roaming\npm;C:\Users\mohit\AppData\Local\Programs\Microsoft VS Code\bin;."/>
    <property name="java.vm.info" value="mixed mode, sharing"/>
    <property name="java.vendor" value="Oracle Corporation"/>
    <property name="java.vm.version" value="17.0.9+11-LTS-201"/>
    <property name="sun.io.unicode.encoding" value="UnicodeLittle"/>
    <property name="java.class.version" value="61.0"/>
    <property name="BASE_URL" value="https://api.spotify.com"/>
  </properties>
  <testcase name="shouldNotbeAbleCreatePlayListWithExpiredToken" classname="com.spotify.oauth2.tests.PlaylistTest" time="2.293">
    <system-out><![CDATA[STARTING TEST: shouldbeAbleToGetCreatePlaylist
STARTING TEST: shouldNotbeAbletoCreateAPIPlaylistWithOutName
STARTING TEST: shouldAbleToUpdateApiPlayList
STARTING TEST: testShouldBeAbleToCreateAPIPlayList
STARTING TEST: shouldNotbeAbleCreatePlayListWithExpiredToken
THREAD ID:22
THREAD ID:25
THREAD ID:23
THREAD ID:24
THREAD ID:26
Renewing the token.....
Request method:	POST
Request URI:	https://accounts.spotify.com/api/token
Proxy:			<none>
Request params:	<none>
Query params:	<none>
Form params:	refresh_token=AQAmqekN-czcqCdnd-Ug8n0b0vNF23dxNAPhT6_PEvR-SSO9sJv6Ql019yelkpEY4X2zy6FI0966BPKKbBrcReJW9BvhNom5QzA6h_4rEiKoy607l8BIF7y04oSFN1wntVI
				grant_type=refresh_token
				client_secret=0060c6db182d496399a5bd87d3627f73
				client_id=9ce469e4ba5948348ad239c2dad1a996
Path params:	<none>
Headers:		Accept=*/*
				Content-Type=application/x-www-form-urlencoded; charset=ISO-8859-1
Cookies:		<none>
Multiparts:		<none>
Body:			<none>
Request method:	POST
Request URI:	https://api.spotify.com/v1/users/jebpmtc7essyoq2mi21mai4yj/playlists
Proxy:			<none>
Request params:	<none>
Query params:	<none>
Form params:	<none>
Path params:	<none>
Headers:		Accept=*/*
				Content-Type=text/plain; charset=ISO-8859-1
Cookies:		<none>
Multiparts:		<none>
Body:
{"description":"Description#_&q&+jL_&8&&u#_9&&&++RK#_86__0T+_7V7#&7_-ahDd+_F+","name":"Playlistx1_0SJ0   _r-c6  Q__","public":false}
HTTP/1.1 401 Unauthorized
www-authenticate: Bearer realm="spotify", error="invalid_token", error_description="Invalid access token"
access-control-allow-origin: *
access-control-allow-headers: Accept, App-Platform, Authorization, Content-Type, Origin, Retry-After, Spotify-App-Version, X-Cloud-Trace-Context, client-token, content-access-token
access-control-allow-methods: GET, POST, OPTIONS, PUT, DELETE, PATCH
access-control-allow-credentials: true
access-control-max-age: 604800
content-type: application/json
content-encoding: gzip
strict-transport-security: max-age=31536000
x-content-type-options: nosniff
alt-svc: h3=":443"; ma=2592000,h3-29=":443"; ma=2592000
date: Wed, 30 Jul 2025 01:27:17 GMT
server: envoy
Via: HTTP/2 edgeproxy, 1.1 google
Alt-Svc: h3=":443"; ma=2592000,h3-29=":443"; ma=2592000
Transfer-Encoding: chunked

{
    "error": {
        "status": 401,
        "message": "Invalid access token"
    }
}
HTTP/1.1 200 OK
date: Wed, 30 Jul 2025 01:27:17 GMT
content-type: application/json
vary: Accept-Encoding
request-id: 3bb4813e-3192-458b-a408-dbcd88570f1b
set-cookie: __Host-device_id=AQCxKmQan3i01KvxS42P2uizBxJo5up0fr6fN8Cnp0VqiEu2vEGXUYJf9MZBXc8Q94Q1xIwBBM3kPAFveZdEqmXa89lhQjHkQ-E;Version=1;Path=/;Max-Age=2147483647;Secure;HttpOnly;SameSite=Lax
set-cookie: sp_tr=false;Version=1;Domain=accounts.spotify.com;Path=/;Secure;SameSite=Lax
sp-trace-id: 1e32ffd46270172b
content-encoding: gzip
x-envoy-upstream-service-time: 20
server: envoy
strict-transport-security: max-age=31536000
x-content-type-options: nosniff
alt-svc: h3=":443"; ma=2592000,h3-29=":443"; ma=2592000
Via: HTTP/2 edgeproxy, 1.1 google
Alt-Svc: h3=":443"; ma=2592000,h3-29=":443"; ma=2592000
Transfer-Encoding: chunked

{
    "access_token": "BQAZqjvOxTGYfK8IJHVuWw9AUp4nYxFb4y4VGgcLx_oDhVKPKfVAF0WeILlOd16ns4GMHRDvu4niNX3BmdkMIK_iwEF0v07NzONhJLaNv5K_xdyH_WkS9G4x_josx4DR1gBKu90dD3g6GywyAiZaMfn86-FE6ZKQc0tznUdHM0YVHtaSX5GElq6XCYxpfjxgUSbfKFOrKMKutrROde55ieos5l4al8yJNmRwMTl-m9vNg4jNWOocceBrFis2DrIk4gTRlnRwNCDUbW3ytfWeqIHAcEtYYanSvUM7RRowD0RsP9vhEabU",
    "token_type": "Bearer",
    "expires_in": 3600,
    "scope": "playlist-read-private playlist-read-collaborative playlist-modify-private playlist-modify-public"
}
]]></system-out>
    <system-err><![CDATA[SLF4J: Failed to load class "org.slf4j.impl.StaticLoggerBinder".
SLF4J: Defaulting to no-operation (NOP) logger implementation
SLF4J: See http://www.slf4j.org/codes.html#StaticLoggerBinder for further details.
]]></system-err>
  </testcase>
  <testcase name="shouldNotbeAbletoCreateAPIPlaylistWithOutName" classname="com.spotify.oauth2.tests.PlaylistTest" time="3.234">
    <system-out><![CDATA[Token is good to use
Token is good to use
Token is good to use
Request method:	GET
Request URI:	https://api.spotify.com/v1/playlists/1yqQkilG1C37BbwhkNb5wk
Proxy:			<none>
Request params:	<none>
Query params:	<none>
Form params:	<none>
Path params:	<none>
Headers:		Accept=*/*
Cookies:		<none>
Multiparts:		<none>
Body:			<none>
Request method:	POST
Request URI:	https://api.spotify.com/v1/users/jebpmtc7essyoq2mi21mai4yj/playlists
Proxy:			<none>
Request params:	<none>
Query params:	<none>
Form params:	<none>
Path params:	<none>
Headers:		Accept=*/*
				Content-Type=text/plain; charset=ISO-8859-1
Cookies:		<none>
Multiparts:		<none>
Body:
{"description":"Description&K#_X+#9fZ#+gS&_.+#_&yD__&&&###Umfa##1#8&_#+&&H+#g","name":"Playlist NQQ--_f0-M2__- 9c3c","public":false}
Request method:	POST
Request URI:	https://api.spotify.com/v1/users/jebpmtc7essyoq2mi21mai4yj/playlists
Proxy:			<none>
Request params:	<none>
Query params:	<none>
Form params:	<none>
Path params:	<none>
Headers:		Accept=*/*
				Content-Type=text/plain; charset=ISO-8859-1
Cookies:		<none>
Multiparts:		<none>
Body:
{"description":"DescriptionHc##_#d9++Y&+_+h++V_&ef+_#_#_#__9#Dy_q+N&_I#t0+#5D","name":"","public":true}
Request method:	PUT
Request URI:	https://api.spotify.com/v1/playlists/1yqQkilG1C37BbwhkNb5wk
Proxy:			<none>
Request params:	<none>
Query params:	<none>
Form params:	<none>
Path params:	<none>
Headers:		Accept=*/*
				Content-Type=text/plain; charset=ISO-8859-1
Cookies:		<none>
Multiparts:		<none>
Body:
{"description":"Description#+__s++E_#_8_+#+_#+##_&u+&_#Y_.9#+8+&5#J++_#Lg#_&#","name":"Playlist_1W  fi J4_m0GGa _,-","public":true}
HTTP/1.1 400 Bad Request
content-type: application/json; charset=utf-8
cache-control: private, max-age=0
access-control-allow-origin: *
access-control-allow-headers: Accept, App-Platform, Authorization, Content-Type, Origin, Retry-After, Spotify-App-Version, X-Cloud-Trace-Context, client-token, content-access-token
access-control-allow-methods: GET, POST, OPTIONS, PUT, DELETE, PATCH
access-control-allow-credentials: true
access-control-max-age: 604800
content-encoding: gzip
strict-transport-security: max-age=31536000
x-content-type-options: nosniff
alt-svc: h3=":443"; ma=2592000,h3-29=":443"; ma=2592000
date: Wed, 30 Jul 2025 01:27:18 GMT
server: envoy
Via: HTTP/2 edgeproxy, 1.1 google
Alt-Svc: h3=":443"; ma=2592000,h3-29=":443"; ma=2592000
Transfer-Encoding: chunked

{
    "error": {
        "status": 400,
        "message": "Missing required field: name"
    }
}
]]></system-out>
  </testcase>
  <testcase name="shouldAbleToUpdateApiPlayList" classname="com.spotify.oauth2.tests.PlaylistTest" time="3.319">
    <system-out><![CDATA[HTTP/1.1 200 OK
content-type: application/json; charset=utf-8
cache-control: public, max-age=0
etag: "MC-IjRlNzViNmE4ZjZiNzc1NzJkY2ViNzAzYWE4M2MzMTNkIg=="
x-robots-tag: noindex, nofollow
access-control-allow-origin: *
access-control-allow-headers: Accept, App-Platform, Authorization, Content-Type, Origin, Retry-After, Spotify-App-Version, X-Cloud-Trace-Context, client-token, content-access-token
access-control-allow-methods: GET, POST, OPTIONS, PUT, DELETE, PATCH
access-control-allow-credentials: true
access-control-max-age: 604800
content-encoding: gzip
strict-transport-security: max-age=31536000
x-content-type-options: nosniff
alt-svc: h3=":443"; ma=2592000,h3-29=":443"; ma=2592000
date: Wed, 30 Jul 2025 01:27:18 GMT
server: envoy
Via: HTTP/2 edgeproxy, 1.1 google
Alt-Svc: h3=":443"; ma=2592000,h3-29=":443"; ma=2592000
Transfer-Encoding: chunked

{
    "collaborative": false,
    "description": "Descriptionkl_#&amp;L&#x2F;S7#B+C&amp;a#&amp;c7C5&amp;_#&amp;P&amp;bjPU&amp;+__+_+#23&#x2F;+C&amp;+#_+#",
    "external_urls": {
        "spotify": "https://open.spotify.com/playlist/1yqQkilG1C37BbwhkNb5wk"
    },
    "followers": {
        "href": null,
        "total": 0
    },
    "href": "https://api.spotify.com/v1/playlists/1yqQkilG1C37BbwhkNb5wk",
    "id": "1yqQkilG1C37BbwhkNb5wk",
    "images": null,
    "name": "Playlist_, Hm-EAH-,E7B,M89Z,",
    "owner": {
        "display_name": "Mohit",
        "external_urls": {
            "spotify": "https://open.spotify.com/user/jebpmtc7essyoq2mi21mai4yj"
        },
        "href": "https://api.spotify.com/v1/users/jebpmtc7essyoq2mi21mai4yj",
        "id": "jebpmtc7essyoq2mi21mai4yj",
        "type": "user",
        "uri": "spotify:user:jebpmtc7essyoq2mi21mai4yj"
    },
    "primary_color": null,
    "public": true,
    "snapshot_id": "AAAAG1K5r4kj3VASzqapsmw3bBqYAnPE",
    "tracks": {
        "href": "https://api.spotify.com/v1/playlists/1yqQkilG1C37BbwhkNb5wk/tracks?offset=0&limit=0",
        "items": [
            
        ],
        "limit": 0,
        "next": null,
        "offset": 0,
        "previous": null,
        "total": 0
    },
    "type": "playlist",
    "uri": "spotify:playlist:1yqQkilG1C37BbwhkNb5wk"
}
HTTP/1.1 200 OK
cache-control: private, max-age=0
x-robots-tag: noindex, nofollow
access-control-allow-origin: *
access-control-allow-headers: Accept, App-Platform, Authorization, Content-Type, Origin, Retry-After, Spotify-App-Version, X-Cloud-Trace-Context, client-token, content-access-token
access-control-allow-methods: GET, POST, OPTIONS, PUT, DELETE, PATCH
access-control-allow-credentials: true
access-control-max-age: 604800
Content-Length: 0
strict-transport-security: max-age=31536000
x-content-type-options: nosniff
alt-svc: h3=":443"; ma=2592000,h3-29=":443"; ma=2592000
date: Wed, 30 Jul 2025 01:27:18 GMT
server: envoy
Via: HTTP/2 edgeproxy, 1.1 google
Alt-Svc: h3=":443"; ma=2592000,h3-29=":443"; ma=2592000
]]></system-out>
  </testcase>
  <testcase name="shouldbeAbleToGetCreatePlaylist" classname="com.spotify.oauth2.tests.PlaylistTest" time="3.374">
    <system-out><![CDATA[HTTP/1.1 201 Created
content-type: application/json; charset=utf-8
cache-control: private, max-age=0
x-robots-tag: noindex, nofollow
access-control-allow-origin: *
access-control-allow-headers: Accept, App-Platform, Authorization, Content-Type, Origin, Retry-After, Spotify-App-Version, X-Cloud-Trace-Context, client-token, content-access-token
access-control-allow-methods: GET, POST, OPTIONS, PUT, DELETE, PATCH
access-control-allow-credentials: true
access-control-max-age: 604800
content-encoding: gzip
strict-transport-security: max-age=31536000
x-content-type-options: nosniff
alt-svc: h3=":443"; ma=2592000,h3-29=":443"; ma=2592000
date: Wed, 30 Jul 2025 01:27:18 GMT
server: envoy
Via: HTTP/2 edgeproxy, 1.1 google
Alt-Svc: h3=":443"; ma=2592000,h3-29=":443"; ma=2592000
Transfer-Encoding: chunked

{
    "collaborative": false,
    "description": "Description&K#_X+#9fZ#+gS&_.+#_&yD__&&&###Umfa##1#8&_#+&&H+#g",
    "external_urls": {
        "spotify": "https://open.spotify.com/playlist/5hbh3pPx7sfRHRpLcKflfW"
    },
    "followers": {
        "href": null,
        "total": 0
    },
    "href": "https://api.spotify.com/v1/playlists/5hbh3pPx7sfRHRpLcKflfW",
    "id": "5hbh3pPx7sfRHRpLcKflfW",
    "images": [
        
    ],
    "primary_color": null,
    "name": "Playlist NQQ--_f0-M2__- 9c3c",
    "type": "playlist",
    "uri": "spotify:playlist:5hbh3pPx7sfRHRpLcKflfW",
    "owner": {
        "href": "https://api.spotify.com/v1/users/jebpmtc7essyoq2mi21mai4yj",
        "id": "jebpmtc7essyoq2mi21mai4yj",
        "type": "user",
        "uri": "spotify:user:jebpmtc7essyoq2mi21mai4yj",
        "display_name": null,
        "external_urls": {
            "spotify": "https://open.spotify.com/user/jebpmtc7essyoq2mi21mai4yj"
        }
    },
    "public": false,
    "snapshot_id": "AAAAvz+guO0/yX5QPlIgI3L8hDMC5fDv",
    "tracks": {
        "limit": 100,
        "next": null,
        "offset": 0,
        "previous": null,
        "href": "https://api.spotify.com/v1/playlists/5hbh3pPx7sfRHRpLcKflfW/tracks",
        "total": 0,
        "items": [
            
        ]
    }
}
]]></system-out>
  </testcase>
  <testcase name="testShouldBeAbleToCreateAPIPlayList" classname="com.spotify.oauth2.tests.PlaylistTest" time="3.374"/>
</testsuite>