<?xml version="1.0" encoding="UTF-8"?>
<!-- Generated by org.testng.reporters.JUnitReportReporter -->
<testsuite hostname="XPS" failures="0" tests="5" name="com.spotify.oauth2.tests.PlaylistTests" time="5.800" errors="0" timestamp="2025-06-30T06:23:33 IST" skipped="0">
  <testcase classname="com.spotify.oauth2.tests.PlaylistTests" name="shouldNotbeAbleCreatePlayListWithExpiredToken" time="0.185"/>
  <system-out/>
  <testcase classname="com.spotify.oauth2.tests.PlaylistTests" name="shouldbeAbleToGetCreatePlaylist" time="0.315"/>
  <system-out/>
  <testcase classname="com.spotify.oauth2.tests.PlaylistTests" name="shouldBeAbleToCreateAPIPlayList" time="0.467"/>
  <system-out/>
  <testcase classname="com.spotify.oauth2.tests.PlaylistTests" name="shouldNotbeAbletoCreateAPIPlaylistWithOutName" time="0.563"/>
  <system-out/>
  <testcase classname="com.spotify.oauth2.tests.PlaylistTests" name="shouldAbleToUpdateApiPlayList" time="4.270"/>
  <system-out/>
</testsuite> <!-- com.spotify.oauth2.tests.PlaylistTests -->
