<?xml version="1.0" encoding="UTF-8"?>
<!-- Generated by org.testng.reporters.JUnitReportReporter -->
<testsuite hostname="XPS" failures="0" tests="5" name="spotify.oauth2.tests.PlaylistTests" time="1.851" errors="0" timestamp="2025-04-09T10:34:42 IST" skipped="4">
  <testcase classname="spotify.oauth2.tests.PlaylistTests" name="shouldNotbeAbleCreatePlayListWithExpiredToken" time="1.851"/>
  <system-out/>
  <testcase classname="spotify.oauth2.tests.PlaylistTests" name="shouldNotbeAbletoCreateAPIPlaylistWithOutName">
    <skipped/>
  </testcase> <!-- shouldNotbeAbletoCreateAPIPlaylistWithOutName -->
  <system-out/>
  <testcase classname="spotify.oauth2.tests.PlaylistTests" name="shouldbeAbleToGetCreatePlaylist">
    <skipped/>
  </testcase> <!-- shouldbeAbleToGetCreatePlaylist -->
  <system-out/>
  <testcase classname="spotify.oauth2.tests.PlaylistTests" name="shouldBeAbleToCreateAPIPlayList">
    <skipped/>
  </testcase> <!-- shouldBeAbleToCreateAPIPlayList -->
  <system-out/>
  <testcase classname="spotify.oauth2.tests.PlaylistTests" name="shouldAbleToUpdateApiPlayList">
    <skipped/>
  </testcase> <!-- shouldAbleToUpdateApiPlayList -->
  <system-out/>
</testsuite> <!-- spotify.oauth2.tests.PlaylistTests -->
