<?xml version="1.0" encoding="UTF-8"?>
<!-- Generated by org.testng.reporters.JUnitReportReporter -->
<testsuite hostname="XPS" failures="0" tests="5" name="com.spotify.oauth2.tests.PlaylistTest" time="4.637" errors="0" timestamp="2025-07-30T06:56:39 IST" skipped="0">
  <testcase classname="com.spotify.oauth2.tests.PlaylistTest" name="shouldbeAbleToGetCreatePlaylist" time="0.309"/>
  <system-out/>
  <testcase classname="com.spotify.oauth2.tests.PlaylistTest" name="shouldNotbeAbletoCreateAPIPlaylistWithOutName" time="0.240"/>
  <system-out/>
  <testcase classname="com.spotify.oauth2.tests.PlaylistTest" name="testShouldBeAbleToCreateAPIPlayList" time="0.326"/>
  <system-out/>
  <testcase classname="com.spotify.oauth2.tests.PlaylistTest" name="shouldNotbeAbleCreatePlayListWithExpiredToken" time="0.237"/>
  <system-out/>
  <testcase classname="com.spotify.oauth2.tests.PlaylistTest" name="shouldAbleToUpdateApiPlayList" time="3.525"/>
  <system-out/>
</testsuite> <!-- com.spotify.oauth2.tests.PlaylistTest -->
