<?xml version="1.0" encoding="UTF-8"?>
<!-- Generated by org.testng.reporters.JUnitReportReporter -->
<testsuite hostname="XPS" failures="0" tests="5" name="com.spotify.oauth2.tests.PlaylistTest" time="15.706" errors="0" timestamp="2025-07-30T06:57:19 IST" skipped="0">
  <testcase classname="com.spotify.oauth2.tests.PlaylistTest" name="shouldNotbeAbleCreatePlayListWithExpiredToken" time="2.305"/>
  <testcase classname="com.spotify.oauth2.tests.PlaylistTest" name="testShouldBeAbleToCreateAPIPlayList" time="3.399"/>
  <testcase classname="com.spotify.oauth2.tests.PlaylistTest" name="shouldAbleToUpdateApiPlayList" time="3.343"/>
  <testcase classname="com.spotify.oauth2.tests.PlaylistTest" name="shouldNotbeAbletoCreateAPIPlaylistWithOutName" time="3.260"/>
  <testcase classname="com.spotify.oauth2.tests.PlaylistTest" name="shouldbeAbleToGetCreatePlaylist" time="3.399"/>
</testsuite> <!-- com.spotify.oauth2.tests.PlaylistTest -->
